[INFO] 2026-02-08T15:59:10.950Z - Incoming request | {"method":"OPTIONS","url":"/api/auth/profile","ip":"::1","params":{},"query":{}}
[INFO] 2026-02-08T15:59:10.981Z - Request completed | {"method":"OPTIONS","url":"/api/auth/profile","status":204,"durationMs":8,"params":{},"query":{}}
[INFO] 2026-02-08T15:59:11.002Z - Request completed | {"method":"OPTIONS","url":"/api/dashboard","status":204,"durationMs":6,"params":{},"query":{}}
[INFO] 2026-02-08T15:59:10.993Z - Incoming request | {"method":"OPTIONS","url":"/api/dashboard","ip":"::1","params":{},"query":{}}
[INFO] 2026-02-08T15:59:11.020Z - Incoming request | {"method":"GET","url":"/api/auth/profile","ip":"::1","params":{},"query":{}}
[INFO] 2026-02-08T15:59:11.060Z - Incoming request | {"method":"GET","url":"/api/dashboard","ip":"::1","params":{},"query":{}}
[INFO] 2026-02-08T15:59:12.283Z - Request completed | {"method":"GET","url":"/api/auth/profile","status":304,"durationMs":1259,"params":{},"query":{}}
[INFO] 2026-02-08T15:59:19.067Z - Request completed | {"method":"GET","url":"/api/dashboard","status":500,"durationMs":8004,"params":{},"query":{}}
[INFO] 2026-02-08T15:59:27.812Z - Incoming request | {"method":"OPTIONS","url":"/api/auth/profile","ip":"::1","params":{},"query":{}}
[INFO] 2026-02-08T15:59:27.817Z - Request completed | {"method":"OPTIONS","url":"/api/auth/profile","status":204,"durationMs":3,"params":{},"query":{}}
[INFO] 2026-02-08T15:59:27.836Z - Incoming request | {"method":"OPTIONS","url":"/api/dashboard","ip":"::1","params":{},"query":{}}
[INFO] 2026-02-08T15:59:27.842Z - Request completed | {"method":"OPTIONS","url":"/api/dashboard","status":204,"durationMs":2,"params":{},"query":{}}
[INFO] 2026-02-08T15:59:27.846Z - Incoming request | {"method":"GET","url":"/api/auth/profile","ip":"::1","params":{},"query":{}}
[INFO] 2026-02-08T15:59:27.857Z - Incoming request | {"method":"GET","url":"/api/dashboard","ip":"::1","params":{},"query":{}}
[INFO] 2026-02-08T15:59:29.137Z - Request completed | {"method":"GET","url":"/api/auth/profile","status":304,"durationMs":1289,"params":{},"query":{}}
[INFO] 2026-02-08T15:59:33.073Z - Request completed | {"method":"GET","url":"/api/dashboard","status":200,"durationMs":5213,"params":{},"query":{}}
[INFO] 2026-02-08T16:00:00.366Z - Incoming request | {"method":"OPTIONS","url":"/api/cards","ip":"::1","params":{},"query":{}}
[INFO] 2026-02-08T16:00:00.368Z - Request completed | {"method":"OPTIONS","url":"/api/cards","status":204,"durationMs":1,"params":{},"query":{}}
[INFO] 2026-02-08T16:00:00.398Z - Incoming request | {"method":"POST","url":"/api/cards","ip":"::1","body":{"cardholderName":"abhay pratap","last4":"7890","cardType":"Credit","limit":10000,"expiryDate":"12/28"},"params":{},"query":{}}
[INFO] 2026-02-08T16:00:01.353Z - Request completed | {"method":"POST","url":"/api/cards","status":201,"durationMs":954,"params":{},"query":{}}
[INFO] 2026-02-08T16:00:02.066Z - Incoming request | {"method":"OPTIONS","url":"/api/auth/profile","ip":"::1","params":{},"query":{}}
[INFO] 2026-02-08T16:00:02.070Z - Request completed | {"method":"OPTIONS","url":"/api/auth/profile","status":204,"durationMs":2,"params":{},"query":{}}
[INFO] 2026-02-08T16:00:02.076Z - Incoming request | {"method":"GET","url":"/api/auth/profile","ip":"::1","params":{},"query":{}}
[INFO] 2026-02-08T16:00:02.096Z - Incoming request | {"method":"OPTIONS","url":"/api/dashboard","ip":"::1","params":{},"query":{}}
[INFO] 2026-02-08T16:00:02.105Z - Request completed | {"method":"OPTIONS","url":"/api/dashboard","status":204,"durationMs":4,"params":{},"query":{}}
[INFO] 2026-02-08T16:00:02.112Z - Incoming request | {"method":"GET","url":"/api/dashboard","ip":"::1","params":{},"query":{}}
[INFO] 2026-02-08T16:00:03.349Z - Request completed | {"method":"GET","url":"/api/auth/profile","status":304,"durationMs":1269,"params":{},"query":{}}
[INFO] 2026-02-08T16:00:05.277Z - Request completed | {"method":"GET","url":"/api/dashboard","status":200,"durationMs":3164,"params":{},"query":{}}
